# JRE version: Java(TM) SE Runtime Environment (8.0_201-b09) (build 1.8.0_201-b09)
# Java VM: Java HotSpot(TM) 64-Bit Server VM (25.201-b09 mixed mode windows-amd64 compressed oops)
Heap:
 PSYoungGen      total 293376K, used 143468K [0x00000000eab00000, 0x0000000100000000, 0x0000000100000000)
  eden space 265216K, 54% used [0x00000000eab00000,0x00000000f371b218,0x00000000fae00000)
  from space 28160K, 0% used [0x00000000fae00000,0x00000000fae00000,0x00000000fc980000)
  to   space 30208K, 0% used [0x00000000fe280000,0x00000000fe280000,0x0000000100000000)
 ParOldGen       total 169472K, used 48563K [0x00000000c0000000, 0x00000000ca580000, 0x00000000eab00000)
  object space 169472K, 28% used [0x00000000c0000000,0x00000000c2f6cf28,0x00000000ca580000)
 Metaspace       used 60007K, capacity 62516K, committed 62744K, reserved 1103872K
  class space    used 8068K, capacity 8662K, committed 8752K, reserved 1048576K
GC Heap History (10 events):
Event: 5.512 GC heap before
{Heap before GC invocations=8 (full 2):
 PSYoungGen      total 211456K, used 9922K [0x00000000eab00000, 0x00000000f8880000, 0x0000000100000000)
  eden space 198144K, 0% used [0x00000000eab00000,0x00000000eab00000,0x00000000f6c80000)
  from space 13312K, 74% used [0x00000000f7b80000,0x00000000f8530a08,0x00000000f8880000)
  to   space 14336K, 0% used [0x00000000f6c80000,0x00000000f6c80000,0x00000000f7a80000)
 ParOldGen       total 62464K, used 16246K [0x00000000c0000000, 0x00000000c3d00000, 0x00000000eab00000)
  object space 62464K, 26% used [0x00000000c0000000,0x00000000c0fdd958,0x00000000c3d00000)
 Metaspace       used 34705K, capacity 35346K, committed 35496K, reserved 1079296K
  class space    used 4865K, capacity 5104K, committed 5168K, reserved 1048576K
Event: 5.586 GC heap after
Heap after GC invocations=8 (full 2):
 PSYoungGen      total 211456K, used 0K [0x00000000eab00000, 0x00000000f8880000, 0x0000000100000000)
  eden space 198144K, 0% used [0x00000000eab00000,0x00000000eab00000,0x00000000f6c80000)
  from space 13312K, 0% used [0x00000000f7b80000,0x00000000f7b80000,0x00000000f8880000)
  to   space 14336K, 0% used [0x00000000f6c80000,0x00000000f6c80000,0x00000000f7a80000)
 ParOldGen       total 101888K, used 17461K [0x00000000c0000000, 0x00000000c6380000, 0x00000000eab00000)
  object space 101888K, 17% used [0x00000000c0000000,0x00000000c110d738,0x00000000c6380000)
 Metaspace       used 34705K, capacity 35346K, committed 35496K, reserved 1079296K
  class space    used 4865K, capacity 5104K, committed 5168K, reserved 1048576K
}
Event: 8.950 GC heap before
{Heap before GC invocations=9 (full 2):
 PSYoungGen      total 211456K, used 198144K [0x00000000eab00000, 0x00000000f8880000, 0x0000000100000000)
  eden space 198144K, 100% used [0x00000000eab00000,0x00000000f6c80000,0x00000000f6c80000)
  from space 13312K, 0% used [0x00000000f7b80000,0x00000000f7b80000,0x00000000f8880000)
  to   space 14336K, 0% used [0x00000000f6c80000,0x00000000f6c80000,0x00000000f7a80000)
 ParOldGen       total 101888K, used 17461K [0x00000000c0000000, 0x00000000c6380000, 0x00000000eab00000)
  object space 101888K, 17% used [0x00000000c0000000,0x00000000c110d738,0x00000000c6380000)
 Metaspace       used 48821K, capacity 50144K, committed 50224K, reserved 1091584K
  class space    used 6782K, capacity 7153K, committed 7216K, reserved 1048576K
Event: 8.970 GC heap after
Heap after GC invocations=9 (full 2):
 PSYoungGen      total 212480K, used 14312K [0x00000000eab00000, 0x00000000fdc80000, 0x0000000100000000)
  eden space 198144K, 0% used [0x00000000eab00000,0x00000000eab00000,0x00000000f6c80000)
  from space 14336K, 99% used [0x00000000f6c80000,0x00000000f7a7a2a8,0x00000000f7a80000)
  to   space 19456K, 0% used [0x00000000fc980000,0x00000000fc980000,0x00000000fdc80000)
 ParOldGen       total 101888K, used 22933K [0x00000000c0000000, 0x00000000c6380000, 0x00000000eab00000)
  object space 101888K, 22% used [0x00000000c0000000,0x00000000c1665520,0x00000000c6380000)
 Metaspace       used 48821K, capacity 50144K, committed 50224K, reserved 1091584K
  class space    used 6782K, capacity 7153K, committed 7216K, reserved 1048576K
}
Event: 12.603 GC heap before
{Heap before GC invocations=10 (full 2):
 PSYoungGen      total 212480K, used 212456K [0x00000000eab00000, 0x00000000fdc80000, 0x0000000100000000)
  eden space 198144K, 100% used [0x00000000eab00000,0x00000000f6c80000,0x00000000f6c80000)
  from space 14336K, 99% used [0x00000000f6c80000,0x00000000f7a7a2a8,0x00000000f7a80000)
  to   space 19456K, 0% used [0x00000000fc980000,0x00000000fc980000,0x00000000fdc80000)
 ParOldGen       total 101888K, used 22933K [0x00000000c0000000, 0x00000000c6380000, 0x00000000eab00000)
  object space 101888K, 22% used [0x00000000c0000000,0x00000000c1665520,0x00000000c6380000)
 Metaspace       used 55873K, capacity 58002K, committed 58288K, reserved 1099776K
  class space    used 7769K, capacity 8303K, committed 8368K, reserved 1048576K
Event: 12.632 GC heap after
Heap after GC invocations=10 (full 2):
 PSYoungGen      total 284672K, used 19425K [0x00000000eab00000, 0x00000000fe880000, 0x0000000100000000)
  eden space 265216K, 0% used [0x00000000eab00000,0x00000000eab00000,0x00000000fae00000)
  from space 19456K, 99% used [0x00000000fc980000,0x00000000fdc786c8,0x00000000fdc80000)
  to   space 28160K, 0% used [0x00000000fae00000,0x00000000fae00000,0x00000000fc980000)
 ParOldGen       total 101888K, used 37018K [0x00000000c0000000, 0x00000000c6380000, 0x00000000eab00000)
  object space 101888K, 36% used [0x00000000c0000000,0x00000000c2426a70,0x00000000c6380000)
 Metaspace       used 55873K, capacity 58002K, committed 58288K, reserved 1099776K
  class space    used 7769K, capacity 8303K, committed 8368K, reserved 1048576K
}
Event: 16.057 GC heap before
{Heap before GC invocations=11 (full 2):
 PSYoungGen      total 284672K, used 49706K [0x00000000eab00000, 0x00000000fe880000, 0x0000000100000000)
  eden space 265216K, 11% used [0x00000000eab00000,0x00000000ec892160,0x00000000fae00000)
  from space 19456K, 99% used [0x00000000fc980000,0x00000000fdc786c8,0x00000000fdc80000)
  to   space 28160K, 0% used [0x00000000fae00000,0x00000000fae00000,0x00000000fc980000)
 ParOldGen       total 101888K, used 37018K [0x00000000c0000000, 0x00000000c6380000, 0x00000000eab00000)
  object space 101888K, 36% used [0x00000000c0000000,0x00000000c2426a70,0x00000000c6380000)
 Metaspace       used 56863K, capacity 59052K, committed 59160K, reserved 1099776K
  class space    used 7868K, capacity 8414K, committed 8496K, reserved 1048576K
Event: 16.085 GC heap after
Heap after GC invocations=11 (full 2):
 PSYoungGen      total 293376K, used 21213K [0x00000000eab00000, 0x0000000100000000, 0x0000000100000000)
  eden space 265216K, 0% used [0x00000000eab00000,0x00000000eab00000,0x00000000fae00000)
  from space 28160K, 75% used [0x00000000fae00000,0x00000000fc2b7530,0x00000000fc980000)
  to   space 30208K, 0% used [0x00000000fe280000,0x00000000fe280000,0x0000000100000000)
 ParOldGen       total 101888K, used 37018K [0x00000000c0000000, 0x00000000c6380000, 0x00000000eab00000)
  object space 101888K, 36% used [0x00000000c0000000,0x00000000c2426a70,0x00000000c6380000)
 Metaspace       used 56863K, capacity 59052K, committed 59160K, reserved 1099776K
  class space    used 7868K, capacity 8414K, committed 8496K, reserved 1048576K
}
Event: 16.085 GC heap before
{Heap before GC invocations=12 (full 3):
 PSYoungGen      total 293376K, used 21213K [0x00000000eab00000, 0x0000000100000000, 0x0000000100000000)
  eden space 265216K, 0% used [0x00000000eab00000,0x00000000eab00000,0x00000000fae00000)
  from space 28160K, 75% used [0x00000000fae00000,0x00000000fc2b7530,0x00000000fc980000)
  to   space 30208K, 0% used [0x00000000fe280000,0x00000000fe280000,0x0000000100000000)
 ParOldGen       total 101888K, used 37018K [0x00000000c0000000, 0x00000000c6380000, 0x00000000eab00000)
  object space 101888K, 36% used [0x00000000c0000000,0x00000000c2426a70,0x00000000c6380000)
 Metaspace       used 56863K, capacity 59052K, committed 59160K, reserved 1099776K
  class space    used 7868K, capacity 8414K, committed 8496K, reserved 1048576K
Event: 16.487 GC heap after
Heap after GC invocations=12 (full 3):
 PSYoungGen      total 293376K, used 0K [0x00000000eab00000, 0x0000000100000000, 0x0000000100000000)
  eden space 265216K, 0% used [0x00000000eab00000,0x00000000eab00000,0x00000000fae00000)
  from space 28160K, 0% used [0x00000000fae00000,0x00000000fae00000,0x00000000fc980000)
  to   space 30208K, 0% used [0x00000000fe280000,0x00000000fe280000,0x0000000100000000)
 ParOldGen       total 169472K, used 48563K [0x00000000c0000000, 0x00000000ca580000, 0x00000000eab00000)
  object space 169472K, 28% used [0x00000000c0000000,0x00000000c2f6cf28,0x00000000ca580000)
 Metaspace       used 56863K, capacity 59052K, committed 59160K, reserved 1099776K
  class space    used 7868K, capacity 8414K, committed 8496K, reserved 1048576K
}

