# JRE version: Java(TM) SE Runtime Environment (8.0_201-b09) (build 1.8.0_201-b09)
# Java VM: Java HotSpot(TM) 64-Bit Server VM (25.201-b09 mixed mode windows-amd64 compressed oops)
Heap:
 PSYoungGen      total 129536K, used 29376K [0x00000000eab00000, 0x00000000f5680000, 0x0000000100000000)
  eden space 126976K, 23% used [0x00000000eab00000,0x00000000ec7b00c8,0x00000000f2700000)
  from space 2560K, 0% used [0x00000000f3300000,0x00000000f3300000,0x00000000f3580000)
  to   space 12288K, 0% used [0x00000000f2700000,0x00000000f2700000,0x00000000f3300000)
 ParOldGen       total 113152K, used 16111K [0x00000000c0000000, 0x00000000c6e80000, 0x00000000eab00000)
  object space 113152K, 14% used [0x00000000c0000000,0x00000000c0fbbc30,0x00000000c6e80000)
 Metaspace       used 38991K, capacity 39742K, committed 39976K, reserved 1083392K
  class space    used 5350K, capacity 5560K, committed 5680K, reserved 1048576K
GC Heap History (10 events):
Event: 2.972 GC heap before
{Heap before GC invocations=6 (full 1):
 PSYoungGen      total 70656K, used 5096K [0x00000000eab00000, 0x00000000f3f00000, 0x0000000100000000)
  eden space 65536K, 0% used [0x00000000eab00000,0x00000000eab00000,0x00000000eeb00000)
  from space 5120K, 99% used [0x00000000eeb00000,0x00000000eeffa070,0x00000000ef000000)
  to   space 10240K, 0% used [0x00000000f3500000,0x00000000f3500000,0x00000000f3f00000)
 ParOldGen       total 86016K, used 8814K [0x00000000c0000000, 0x00000000c5400000, 0x00000000eab00000)
  object space 86016K, 10% used [0x00000000c0000000,0x00000000c089b900,0x00000000c5400000)
 Metaspace       used 20858K, capacity 21202K, committed 21296K, reserved 1067008K
  class space    used 2957K, capacity 3079K, committed 3120K, reserved 1048576K
Event: 3.065 GC heap after
Heap after GC invocations=6 (full 1):
 PSYoungGen      total 70656K, used 0K [0x00000000eab00000, 0x00000000f3f00000, 0x0000000100000000)
  eden space 65536K, 0% used [0x00000000eab00000,0x00000000eab00000,0x00000000eeb00000)
  from space 5120K, 0% used [0x00000000eeb00000,0x00000000eeb00000,0x00000000ef000000)
  to   space 10240K, 0% used [0x00000000f3500000,0x00000000f3500000,0x00000000f3f00000)
 ParOldGen       total 67072K, used 8322K [0x00000000c0000000, 0x00000000c4180000, 0x00000000eab00000)
  object space 67072K, 12% used [0x00000000c0000000,0x00000000c0820bb0,0x00000000c4180000)
 Metaspace       used 20858K, capacity 21202K, committed 21296K, reserved 1067008K
  class space    used 2957K, capacity 3079K, committed 3120K, reserved 1048576K
}
Event: 4.275 GC heap before
{Heap before GC invocations=7 (full 1):
 PSYoungGen      total 70656K, used 65536K [0x00000000eab00000, 0x00000000f3f00000, 0x0000000100000000)
  eden space 65536K, 100% used [0x00000000eab00000,0x00000000eeb00000,0x00000000eeb00000)
  from space 5120K, 0% used [0x00000000eeb00000,0x00000000eeb00000,0x00000000ef000000)
  to   space 10240K, 0% used [0x00000000f3500000,0x00000000f3500000,0x00000000f3f00000)
 ParOldGen       total 67072K, used 8322K [0x00000000c0000000, 0x00000000c4180000, 0x00000000eab00000)
  object space 67072K, 12% used [0x00000000c0000000,0x00000000c0820bb0,0x00000000c4180000)
 Metaspace       used 28352K, capacity 28800K, committed 29104K, reserved 1075200K
  class space    used 3845K, capacity 3984K, committed 4016K, reserved 1048576K
Event: 4.285 GC heap after
Heap after GC invocations=7 (full 1):
 PSYoungGen      total 95744K, used 8471K [0x00000000eab00000, 0x00000000f3d80000, 0x0000000100000000)
  eden space 87040K, 0% used [0x00000000eab00000,0x00000000eab00000,0x00000000f0000000)
  from space 8704K, 97% used [0x00000000f3500000,0x00000000f3d45c40,0x00000000f3d80000)
  to   space 10752K, 0% used [0x00000000f2880000,0x00000000f2880000,0x00000000f3300000)
 ParOldGen       total 67072K, used 8330K [0x00000000c0000000, 0x00000000c4180000, 0x00000000eab00000)
  object space 67072K, 12% used [0x00000000c0000000,0x00000000c0822bb0,0x00000000c4180000)
 Metaspace       used 28352K, capacity 28800K, committed 29104K, reserved 1075200K
  class space    used 3845K, capacity 3984K, committed 4016K, reserved 1048576K
}
Event: 5.792 GC heap before
{Heap before GC invocations=8 (full 1):
 PSYoungGen      total 95744K, used 95511K [0x00000000eab00000, 0x00000000f3d80000, 0x0000000100000000)
  eden space 87040K, 100% used [0x00000000eab00000,0x00000000f0000000,0x00000000f0000000)
  from space 8704K, 97% used [0x00000000f3500000,0x00000000f3d45c40,0x00000000f3d80000)
  to   space 10752K, 0% used [0x00000000f2880000,0x00000000f2880000,0x00000000f3300000)
 ParOldGen       total 67072K, used 8330K [0x00000000c0000000, 0x00000000c4180000, 0x00000000eab00000)
  object space 67072K, 12% used [0x00000000c0000000,0x00000000c0822bb0,0x00000000c4180000)
 Metaspace       used 32525K, capacity 33034K, committed 33200K, reserved 1077248K
  class space    used 4561K, capacity 4749K, committed 4784K, reserved 1048576K
Event: 5.810 GC heap after
Heap after GC invocations=8 (full 1):
 PSYoungGen      total 124928K, used 10741K [0x00000000eab00000, 0x00000000f3580000, 0x0000000100000000)
  eden space 114176K, 0% used [0x00000000eab00000,0x00000000eab00000,0x00000000f1a80000)
  from space 10752K, 99% used [0x00000000f2880000,0x00000000f32fd7a8,0x00000000f3300000)
  to   space 2560K, 0% used [0x00000000f3300000,0x00000000f3300000,0x00000000f3580000)
 ParOldGen       total 67072K, used 8525K [0x00000000c0000000, 0x00000000c4180000, 0x00000000eab00000)
  object space 67072K, 12% used [0x00000000c0000000,0x00000000c0853798,0x00000000c4180000)
 Metaspace       used 32525K, capacity 33034K, committed 33200K, reserved 1077248K
  class space    used 4561K, capacity 4749K, committed 4784K, reserved 1048576K
}
Event: 6.230 GC heap before
{Heap before GC invocations=9 (full 1):
 PSYoungGen      total 124928K, used 38818K [0x00000000eab00000, 0x00000000f3580000, 0x0000000100000000)
  eden space 114176K, 24% used [0x00000000eab00000,0x00000000ec66b168,0x00000000f1a80000)
  from space 10752K, 99% used [0x00000000f2880000,0x00000000f32fd7a8,0x00000000f3300000)
  to   space 2560K, 0% used [0x00000000f3300000,0x00000000f3300000,0x00000000f3580000)
 ParOldGen       total 67072K, used 8525K [0x00000000c0000000, 0x00000000c4180000, 0x00000000eab00000)
  object space 67072K, 12% used [0x00000000c0000000,0x00000000c0853798,0x00000000c4180000)
 Metaspace       used 34616K, capacity 35288K, committed 35496K, reserved 1079296K
  class space    used 4796K, capacity 5015K, committed 5040K, reserved 1048576K
Event: 6.238 GC heap after
Heap after GC invocations=9 (full 1):
 PSYoungGen      total 129536K, used 2560K [0x00000000eab00000, 0x00000000f5680000, 0x0000000100000000)
  eden space 126976K, 0% used [0x00000000eab00000,0x00000000eab00000,0x00000000f2700000)
  from space 2560K, 100% used [0x00000000f3300000,0x00000000f3580000,0x00000000f3580000)
  to   space 12288K, 0% used [0x00000000f2700000,0x00000000f2700000,0x00000000f3300000)
 ParOldGen       total 67072K, used 15067K [0x00000000c0000000, 0x00000000c4180000, 0x00000000eab00000)
  object space 67072K, 22% used [0x00000000c0000000,0x00000000c0eb6c18,0x00000000c4180000)
 Metaspace       used 34616K, capacity 35288K, committed 35496K, reserved 1079296K
  class space    used 4796K, capacity 5015K, committed 5040K, reserved 1048576K
}
Event: 6.238 GC heap before
{Heap before GC invocations=10 (full 2):
 PSYoungGen      total 129536K, used 2560K [0x00000000eab00000, 0x00000000f5680000, 0x0000000100000000)
  eden space 126976K, 0% used [0x00000000eab00000,0x00000000eab00000,0x00000000f2700000)
  from space 2560K, 100% used [0x00000000f3300000,0x00000000f3580000,0x00000000f3580000)
  to   space 12288K, 0% used [0x00000000f2700000,0x00000000f2700000,0x00000000f3300000)
 ParOldGen       total 67072K, used 15067K [0x00000000c0000000, 0x00000000c4180000, 0x00000000eab00000)
  object space 67072K, 22% used [0x00000000c0000000,0x00000000c0eb6c18,0x00000000c4180000)
 Metaspace       used 34616K, capacity 35288K, committed 35496K, reserved 1079296K
  class space    used 4796K, capacity 5015K, committed 5040K, reserved 1048576K
Event: 6.326 GC heap after
Heap after GC invocations=10 (full 2):
 PSYoungGen      total 129536K, used 0K [0x00000000eab00000, 0x00000000f5680000, 0x0000000100000000)
  eden space 126976K, 0% used [0x00000000eab00000,0x00000000eab00000,0x00000000f2700000)
  from space 2560K, 0% used [0x00000000f3300000,0x00000000f3300000,0x00000000f3580000)
  to   space 12288K, 0% used [0x00000000f2700000,0x00000000f2700000,0x00000000f3300000)
 ParOldGen       total 113152K, used 16111K [0x00000000c0000000, 0x00000000c6e80000, 0x00000000eab00000)
  object space 113152K, 14% used [0x00000000c0000000,0x00000000c0fbbc30,0x00000000c6e80000)
 Metaspace       used 34549K, capacity 35162K, committed 35496K, reserved 1079296K
  class space    used 4776K, capacity 4973K, committed 5040K, reserved 1048576K
}

