# JRE version: Java(TM) SE Runtime Environment (8.0_201-b09) (build 1.8.0_201-b09)
# Java VM: Java HotSpot(TM) 64-Bit Server VM (25.201-b09 mixed mode windows-amd64 compressed oops)
Heap:
 PSYoungGen      total 196096K, used 138497K [0x00000000eab00000, 0x00000000f8e00000, 0x0000000100000000)
  eden space 174592K, 79% used [0x00000000eab00000,0x00000000f3240798,0x00000000f5580000)
  from space 21504K, 0% used [0x00000000f7000000,0x00000000f7000000,0x00000000f8500000)
  to   space 27136K, 0% used [0x00000000f5580000,0x00000000f5580000,0x00000000f7000000)
 ParOldGen       total 167424K, used 47405K [0x00000000c0000000, 0x00000000ca380000, 0x00000000eab00000)
  object space 167424K, 28% used [0x00000000c0000000,0x00000000c2e4b758,0x00000000ca380000)
 Metaspace       used 60014K, capacity 62572K, committed 62744K, reserved 1103872K
  class space    used 8081K, capacity 8680K, committed 8752K, reserved 1048576K
GC Heap History (10 events):
Event: 5.242 GC heap before
{Heap before GC invocations=9 (full 2):
 PSYoungGen      total 138752K, used 10239K [0x00000000eab00000, 0x00000000f5580000, 0x0000000100000000)
  eden space 128512K, 0% used [0x00000000eab00000,0x00000000eab00000,0x00000000f2880000)
  from space 10240K, 99% used [0x00000000f2880000,0x00000000f327fda8,0x00000000f3280000)
  to   space 13312K, 0% used [0x00000000f4880000,0x00000000f4880000,0x00000000f5580000)
 ParOldGen       total 61952K, used 11746K [0x00000000c0000000, 0x00000000c3c80000, 0x00000000eab00000)
  object space 61952K, 18% used [0x00000000c0000000,0x00000000c0b78a40,0x00000000c3c80000)
 Metaspace       used 34692K, capacity 35346K, committed 35496K, reserved 1079296K
  class space    used 4866K, capacity 5104K, committed 5168K, reserved 1048576K
Event: 5.316 GC heap after
Heap after GC invocations=9 (full 2):
 PSYoungGen      total 138752K, used 0K [0x00000000eab00000, 0x00000000f5580000, 0x0000000100000000)
  eden space 128512K, 0% used [0x00000000eab00000,0x00000000eab00000,0x00000000f2880000)
  from space 10240K, 0% used [0x00000000f2880000,0x00000000f2880000,0x00000000f3280000)
  to   space 13312K, 0% used [0x00000000f4880000,0x00000000f4880000,0x00000000f5580000)
 ParOldGen       total 104448K, used 20296K [0x00000000c0000000, 0x00000000c6600000, 0x00000000eab00000)
  object space 104448K, 19% used [0x00000000c0000000,0x00000000c13d21b0,0x00000000c6600000)
 Metaspace       used 34692K, capacity 35346K, committed 35496K, reserved 1079296K
  class space    used 4866K, capacity 5104K, committed 5168K, reserved 1048576K
}
Event: 7.016 GC heap before
{Heap before GC invocations=10 (full 2):
 PSYoungGen      total 138752K, used 128512K [0x00000000eab00000, 0x00000000f5580000, 0x0000000100000000)
  eden space 128512K, 100% used [0x00000000eab00000,0x00000000f2880000,0x00000000f2880000)
  from space 10240K, 0% used [0x00000000f2880000,0x00000000f2880000,0x00000000f3280000)
  to   space 13312K, 0% used [0x00000000f4880000,0x00000000f4880000,0x00000000f5580000)
 ParOldGen       total 104448K, used 20296K [0x00000000c0000000, 0x00000000c6600000, 0x00000000eab00000)
  object space 104448K, 19% used [0x00000000c0000000,0x00000000c13d21b0,0x00000000c6600000)
 Metaspace       used 41800K, capacity 42772K, committed 43056K, reserved 1085440K
  class space    used 5850K, capacity 6175K, committed 6192K, reserved 1048576K
Event: 7.026 GC heap after
Heap after GC invocations=10 (full 2):
 PSYoungGen      total 159232K, used 13297K [0x00000000eab00000, 0x00000000f7280000, 0x0000000100000000)
  eden space 145920K, 0% used [0x00000000eab00000,0x00000000eab00000,0x00000000f3980000)
  from space 13312K, 99% used [0x00000000f4880000,0x00000000f557c4e8,0x00000000f5580000)
  to   space 15360K, 0% used [0x00000000f3980000,0x00000000f3980000,0x00000000f4880000)
 ParOldGen       total 104448K, used 21091K [0x00000000c0000000, 0x00000000c6600000, 0x00000000eab00000)
  object space 104448K, 20% used [0x00000000c0000000,0x00000000c1498d60,0x00000000c6600000)
 Metaspace       used 41800K, capacity 42772K, committed 43056K, reserved 1085440K
  class space    used 5850K, capacity 6175K, committed 6192K, reserved 1048576K
}
Event: 9.186 GC heap before
{Heap before GC invocations=11 (full 2):
 PSYoungGen      total 159232K, used 159217K [0x00000000eab00000, 0x00000000f7280000, 0x0000000100000000)
  eden space 145920K, 100% used [0x00000000eab00000,0x00000000f3980000,0x00000000f3980000)
  from space 13312K, 99% used [0x00000000f4880000,0x00000000f557c4e8,0x00000000f5580000)
  to   space 15360K, 0% used [0x00000000f3980000,0x00000000f3980000,0x00000000f4880000)
 ParOldGen       total 104448K, used 21091K [0x00000000c0000000, 0x00000000c6600000, 0x00000000eab00000)
  object space 104448K, 20% used [0x00000000c0000000,0x00000000c1498d60,0x00000000c6600000)
 Metaspace       used 52886K, capacity 54910K, committed 55088K, reserved 1095680K
  class space    used 7416K, capacity 7923K, committed 7984K, reserved 1048576K
Event: 9.232 GC heap after
Heap after GC invocations=11 (full 2):
 PSYoungGen      total 161280K, used 15345K [0x00000000eab00000, 0x00000000f8500000, 0x0000000100000000)
  eden space 145920K, 0% used [0x00000000eab00000,0x00000000eab00000,0x00000000f3980000)
  from space 15360K, 99% used [0x00000000f3980000,0x00000000f487c698,0x00000000f4880000)
  to   space 21504K, 0% used [0x00000000f7000000,0x00000000f7000000,0x00000000f8500000)
 ParOldGen       total 104448K, used 31814K [0x00000000c0000000, 0x00000000c6600000, 0x00000000eab00000)
  object space 104448K, 30% used [0x00000000c0000000,0x00000000c1f11820,0x00000000c6600000)
 Metaspace       used 52886K, capacity 54910K, committed 55088K, reserved 1095680K
  class space    used 7416K, capacity 7923K, committed 7984K, reserved 1048576K
}
Event: 14.584 GC heap before
{Heap before GC invocations=12 (full 2):
 PSYoungGen      total 161280K, used 157241K [0x00000000eab00000, 0x00000000f8500000, 0x0000000100000000)
  eden space 145920K, 97% used [0x00000000eab00000,0x00000000f3592108,0x00000000f3980000)
  from space 15360K, 99% used [0x00000000f3980000,0x00000000f487c698,0x00000000f4880000)
  to   space 21504K, 0% used [0x00000000f7000000,0x00000000f7000000,0x00000000f8500000)
 ParOldGen       total 104448K, used 31814K [0x00000000c0000000, 0x00000000c6600000, 0x00000000eab00000)
  object space 104448K, 30% used [0x00000000c0000000,0x00000000c1f11820,0x00000000c6600000)
 Metaspace       used 56865K, capacity 59056K, committed 59160K, reserved 1099776K
  class space    used 7875K, capacity 8416K, committed 8496K, reserved 1048576K
Event: 14.627 GC heap after
Heap after GC invocations=12 (full 2):
 PSYoungGen      total 196096K, used 21489K [0x00000000eab00000, 0x00000000f8e00000, 0x0000000100000000)
  eden space 174592K, 0% used [0x00000000eab00000,0x00000000eab00000,0x00000000f5580000)
  from space 21504K, 99% used [0x00000000f7000000,0x00000000f84fc6b8,0x00000000f8500000)
  to   space 27136K, 0% used [0x00000000f5580000,0x00000000f5580000,0x00000000f7000000)
 ParOldGen       total 104448K, used 38123K [0x00000000c0000000, 0x00000000c6600000, 0x00000000eab00000)
  object space 104448K, 36% used [0x00000000c0000000,0x00000000c253acf0,0x00000000c6600000)
 Metaspace       used 56865K, capacity 59056K, committed 59160K, reserved 1099776K
  class space    used 7875K, capacity 8416K, committed 8496K, reserved 1048576K
}
Event: 14.627 GC heap before
{Heap before GC invocations=13 (full 3):
 PSYoungGen      total 196096K, used 21489K [0x00000000eab00000, 0x00000000f8e00000, 0x0000000100000000)
  eden space 174592K, 0% used [0x00000000eab00000,0x00000000eab00000,0x00000000f5580000)
  from space 21504K, 99% used [0x00000000f7000000,0x00000000f84fc6b8,0x00000000f8500000)
  to   space 27136K, 0% used [0x00000000f5580000,0x00000000f5580000,0x00000000f7000000)
 ParOldGen       total 104448K, used 38123K [0x00000000c0000000, 0x00000000c6600000, 0x00000000eab00000)
  object space 104448K, 36% used [0x00000000c0000000,0x00000000c253acf0,0x00000000c6600000)
 Metaspace       used 56865K, capacity 59056K, committed 59160K, reserved 1099776K
  class space    used 7875K, capacity 8416K, committed 8496K, reserved 1048576K
Event: 14.897 GC heap after
Heap after GC invocations=13 (full 3):
 PSYoungGen      total 196096K, used 0K [0x00000000eab00000, 0x00000000f8e00000, 0x0000000100000000)
  eden space 174592K, 0% used [0x00000000eab00000,0x00000000eab00000,0x00000000f5580000)
  from space 21504K, 0% used [0x00000000f7000000,0x00000000f7000000,0x00000000f8500000)
  to   space 27136K, 0% used [0x00000000f5580000,0x00000000f5580000,0x00000000f7000000)
 ParOldGen       total 167424K, used 47405K [0x00000000c0000000, 0x00000000ca380000, 0x00000000eab00000)
  object space 167424K, 28% used [0x00000000c0000000,0x00000000c2e4b758,0x00000000ca380000)
 Metaspace       used 56865K, capacity 59056K, committed 59160K, reserved 1099776K
  class space    used 7875K, capacity 8416K, committed 8496K, reserved 1048576K
}

