# JRE version: Java(TM) SE Runtime Environment (8.0_201-b09) (build 1.8.0_201-b09)
# Java VM: Java HotSpot(TM) 64-Bit Server VM (25.201-b09 mixed mode windows-amd64 compressed oops)
Heap:
 PSYoungGen      total 138752K, used 34547K [0x00000000eab00000, 0x00000000f6e80000, 0x0000000100000000)
  eden space 128512K, 18% used [0x00000000eab00000,0x00000000ec2c05d0,0x00000000f2880000)
  from space 10240K, 99% used [0x00000000f2880000,0x00000000f327c698,0x00000000f3280000)
  to   space 20480K, 0% used [0x00000000f5a80000,0x00000000f5a80000,0x00000000f6e80000)
 ParOldGen       total 101376K, used 34335K [0x00000000c0000000, 0x00000000c6300000, 0x00000000eab00000)
  object space 101376K, 33% used [0x00000000c0000000,0x00000000c2187d78,0x00000000c6300000)
 Metaspace       used 52985K, capacity 54954K, committed 55088K, reserved 1095680K
  class space    used 7441K, capacity 7957K, committed 7984K, reserved 1048576K
GC Heap History (10 events):
Event: 2.651 GC heap before
{Heap before GC invocations=7 (full 1):
 PSYoungGen      total 70656K, used 65536K [0x00000000eab00000, 0x00000000f3f00000, 0x0000000100000000)
  eden space 65536K, 100% used [0x00000000eab00000,0x00000000eeb00000,0x00000000eeb00000)
  from space 5120K, 0% used [0x00000000eeb00000,0x00000000eeb00000,0x00000000ef000000)
  to   space 10240K, 0% used [0x00000000f3500000,0x00000000f3500000,0x00000000f3f00000)
 ParOldGen       total 60928K, used 8360K [0x00000000c0000000, 0x00000000c3b80000, 0x00000000eab00000)
  object space 60928K, 13% used [0x00000000c0000000,0x00000000c082a370,0x00000000c3b80000)
 Metaspace       used 26378K, capacity 26754K, committed 26928K, reserved 1073152K
  class space    used 3697K, capacity 3836K, committed 3888K, reserved 1048576K
Event: 2.660 GC heap after
Heap after GC invocations=7 (full 1):
 PSYoungGen      total 108032K, used 7453K [0x00000000eab00000, 0x00000000f3c80000, 0x0000000100000000)
  eden space 100352K, 0% used [0x00000000eab00000,0x00000000eab00000,0x00000000f0d00000)
  from space 7680K, 97% used [0x00000000f3500000,0x00000000f3c476b0,0x00000000f3c80000)
  to   space 10240K, 0% used [0x00000000f2880000,0x00000000f2880000,0x00000000f3280000)
 ParOldGen       total 60928K, used 8368K [0x00000000c0000000, 0x00000000c3b80000, 0x00000000eab00000)
  object space 60928K, 13% used [0x00000000c0000000,0x00000000c082c370,0x00000000c3b80000)
 Metaspace       used 26378K, capacity 26754K, committed 26928K, reserved 1073152K
  class space    used 3697K, capacity 3836K, committed 3888K, reserved 1048576K
}
Event: 3.646 GC heap before
{Heap before GC invocations=8 (full 1):
 PSYoungGen      total 108032K, used 103300K [0x00000000eab00000, 0x00000000f3c80000, 0x0000000100000000)
  eden space 100352K, 95% used [0x00000000eab00000,0x00000000f0899ba8,0x00000000f0d00000)
  from space 7680K, 97% used [0x00000000f3500000,0x00000000f3c476b0,0x00000000f3c80000)
  to   space 10240K, 0% used [0x00000000f2880000,0x00000000f2880000,0x00000000f3280000)
 ParOldGen       total 60928K, used 8368K [0x00000000c0000000, 0x00000000c3b80000, 0x00000000eab00000)
  object space 60928K, 13% used [0x00000000c0000000,0x00000000c082c370,0x00000000c3b80000)
 Metaspace       used 34667K, capacity 35314K, committed 35496K, reserved 1079296K
  class space    used 4863K, capacity 5072K, committed 5168K, reserved 1048576K
Event: 3.658 GC heap after
Heap after GC invocations=8 (full 1):
 PSYoungGen      total 138752K, used 10215K [0x00000000eab00000, 0x00000000f5880000, 0x0000000100000000)
  eden space 128512K, 0% used [0x00000000eab00000,0x00000000eab00000,0x00000000f2880000)
  from space 10240K, 99% used [0x00000000f2880000,0x00000000f3279d68,0x00000000f3280000)
  to   space 12800K, 0% used [0x00000000f4c00000,0x00000000f4c00000,0x00000000f5880000)
 ParOldGen       total 60928K, used 11615K [0x00000000c0000000, 0x00000000c3b80000, 0x00000000eab00000)
  object space 60928K, 19% used [0x00000000c0000000,0x00000000c0b57e70,0x00000000c3b80000)
 Metaspace       used 34667K, capacity 35314K, committed 35496K, reserved 1079296K
  class space    used 4863K, capacity 5072K, committed 5168K, reserved 1048576K
}
Event: 3.658 GC heap before
{Heap before GC invocations=9 (full 2):
 PSYoungGen      total 138752K, used 10215K [0x00000000eab00000, 0x00000000f5880000, 0x0000000100000000)
  eden space 128512K, 0% used [0x00000000eab00000,0x00000000eab00000,0x00000000f2880000)
  from space 10240K, 99% used [0x00000000f2880000,0x00000000f3279d68,0x00000000f3280000)
  to   space 12800K, 0% used [0x00000000f4c00000,0x00000000f4c00000,0x00000000f5880000)
 ParOldGen       total 60928K, used 11615K [0x00000000c0000000, 0x00000000c3b80000, 0x00000000eab00000)
  object space 60928K, 19% used [0x00000000c0000000,0x00000000c0b57e70,0x00000000c3b80000)
 Metaspace       used 34667K, capacity 35314K, committed 35496K, reserved 1079296K
  class space    used 4863K, capacity 5072K, committed 5168K, reserved 1048576K
Event: 3.707 GC heap after
Heap after GC invocations=9 (full 2):
 PSYoungGen      total 138752K, used 0K [0x00000000eab00000, 0x00000000f5880000, 0x0000000100000000)
  eden space 128512K, 0% used [0x00000000eab00000,0x00000000eab00000,0x00000000f2880000)
  from space 10240K, 0% used [0x00000000f2880000,0x00000000f2880000,0x00000000f3280000)
  to   space 12800K, 0% used [0x00000000f4c00000,0x00000000f4c00000,0x00000000f5880000)
 ParOldGen       total 101376K, used 20283K [0x00000000c0000000, 0x00000000c6300000, 0x00000000eab00000)
  object space 101376K, 20% used [0x00000000c0000000,0x00000000c13cec30,0x00000000c6300000)
 Metaspace       used 34667K, capacity 35314K, committed 35496K, reserved 1079296K
  class space    used 4863K, capacity 5072K, committed 5168K, reserved 1048576K
}
Event: 4.801 GC heap before
{Heap before GC invocations=10 (full 2):
 PSYoungGen      total 138752K, used 128512K [0x00000000eab00000, 0x00000000f5880000, 0x0000000100000000)
  eden space 128512K, 100% used [0x00000000eab00000,0x00000000f2880000,0x00000000f2880000)
  from space 10240K, 0% used [0x00000000f2880000,0x00000000f2880000,0x00000000f3280000)
  to   space 12800K, 0% used [0x00000000f4c00000,0x00000000f4c00000,0x00000000f5880000)
 ParOldGen       total 101376K, used 20283K [0x00000000c0000000, 0x00000000c6300000, 0x00000000eab00000)
  object space 101376K, 20% used [0x00000000c0000000,0x00000000c13cec30,0x00000000c6300000)
 Metaspace       used 41741K, capacity 42672K, committed 42800K, reserved 1085440K
  class space    used 5843K, capacity 6143K, committed 6192K, reserved 1048576K
Event: 4.812 GC heap after
Heap after GC invocations=10 (full 2):
 PSYoungGen      total 141312K, used 12779K [0x00000000eab00000, 0x00000000f5880000, 0x0000000100000000)
  eden space 128512K, 0% used [0x00000000eab00000,0x00000000eab00000,0x00000000f2880000)
  from space 12800K, 99% used [0x00000000f4c00000,0x00000000f587ac68,0x00000000f5880000)
  to   space 10240K, 0% used [0x00000000f2880000,0x00000000f2880000,0x00000000f3280000)
 ParOldGen       total 101376K, used 21488K [0x00000000c0000000, 0x00000000c6300000, 0x00000000eab00000)
  object space 101376K, 21% used [0x00000000c0000000,0x00000000c14fc3f8,0x00000000c6300000)
 Metaspace       used 41741K, capacity 42672K, committed 42800K, reserved 1085440K
  class space    used 5843K, capacity 6143K, committed 6192K, reserved 1048576K
}
Event: 6.054 GC heap before
{Heap before GC invocations=11 (full 2):
 PSYoungGen      total 141312K, used 141291K [0x00000000eab00000, 0x00000000f5880000, 0x0000000100000000)
  eden space 128512K, 100% used [0x00000000eab00000,0x00000000f2880000,0x00000000f2880000)
  from space 12800K, 99% used [0x00000000f4c00000,0x00000000f587ac68,0x00000000f5880000)
  to   space 10240K, 0% used [0x00000000f2880000,0x00000000f2880000,0x00000000f3280000)
 ParOldGen       total 101376K, used 21488K [0x00000000c0000000, 0x00000000c6300000, 0x00000000eab00000)
  object space 101376K, 21% used [0x00000000c0000000,0x00000000c14fc3f8,0x00000000c6300000)
 Metaspace       used 52183K, capacity 54072K, committed 54192K, reserved 1095680K
  class space    used 7332K, capacity 7832K, committed 7856K, reserved 1048576K
Event: 6.073 GC heap after
Heap after GC invocations=11 (full 2):
 PSYoungGen      total 138752K, used 10225K [0x00000000eab00000, 0x00000000f6e80000, 0x0000000100000000)
  eden space 128512K, 0% used [0x00000000eab00000,0x00000000eab00000,0x00000000f2880000)
  from space 10240K, 99% used [0x00000000f2880000,0x00000000f327c698,0x00000000f3280000)
  to   space 20480K, 0% used [0x00000000f5a80000,0x00000000f5a80000,0x00000000f6e80000)
 ParOldGen       total 101376K, used 34335K [0x00000000c0000000, 0x00000000c6300000, 0x00000000eab00000)
  object space 101376K, 33% used [0x00000000c0000000,0x00000000c2187d78,0x00000000c6300000)
 Metaspace       used 52183K, capacity 54072K, committed 54192K, reserved 1095680K
  class space    used 7332K, capacity 7832K, committed 7856K, reserved 1048576K
}

