# JRE version: Java(TM) SE Runtime Environment (8.0_201-b09) (build 1.8.0_201-b09)
# Java VM: Java HotSpot(TM) 64-Bit Server VM (25.201-b09 mixed mode windows-amd64 compressed oops)
Heap:
 PSYoungGen      total 282112K, used 198897K [0x00000000eab00000, 0x00000000ffc00000, 0x0000000100000000)
  eden space 220672K, 90% used [0x00000000eab00000,0x00000000f6d147e0,0x00000000f8280000)
  from space 61440K, 0% used [0x00000000f8280000,0x00000000f82a8000,0x00000000fbe80000)
  to   space 59392K, 0% used [0x00000000fc200000,0x00000000fc200000,0x00000000ffc00000)
 ParOldGen       total 297984K, used 155344K [0x00000000c0000000, 0x00000000d2300000, 0x00000000eab00000)
  object space 297984K, 52% used [0x00000000c0000000,0x00000000c97b4380,0x00000000d2300000)
 Metaspace       used 86559K, capacity 90486K, committed 91032K, reserved 1128448K
  class space    used 11208K, capacity 12019K, committed 12184K, reserved 1048576K
GC Heap History (10 events):
Event: 45.172 GC heap before
{Heap before GC invocations=25 (full 4):
 PSYoungGen      total 269824K, used 215519K [0x00000000eab00000, 0x00000000ff780000, 0x0000000100000000)
  eden space 203264K, 99% used [0x00000000eab00000,0x00000000f7126bf8,0x00000000f7180000)
  from space 66560K, 18% used [0x00000000fb680000,0x00000000fc2d11b0,0x00000000ff780000)
  to   space 68608K, 0% used [0x00000000f7180000,0x00000000f7180000,0x00000000fb480000)
 ParOldGen       total 297984K, used 130062K [0x00000000c0000000, 0x00000000d2300000, 0x00000000eab00000)
  object space 297984K, 43% used [0x00000000c0000000,0x00000000c7f03b40,0x00000000d2300000)
 Metaspace       used 83210K, capacity 86788K, committed 88088K, reserved 1126400K
  class space    used 10945K, capacity 11696K, committed 12056K, reserved 1048576K
Event: 45.176 GC heap after
Heap after GC invocations=25 (full 4):
 PSYoungGen      total 271872K, used 5403K [0x00000000eab00000, 0x00000000ffe00000, 0x0000000100000000)
  eden space 203264K, 0% used [0x00000000eab00000,0x00000000eab00000,0x00000000f7180000)
  from space 68608K, 7% used [0x00000000f7180000,0x00000000f76c6ef0,0x00000000fb480000)
  to   space 66560K, 0% used [0x00000000fbd00000,0x00000000fbd00000,0x00000000ffe00000)
 ParOldGen       total 297984K, used 137629K [0x00000000c0000000, 0x00000000d2300000, 0x00000000eab00000)
  object space 297984K, 46% used [0x00000000c0000000,0x00000000c8667700,0x00000000d2300000)
 Metaspace       used 83210K, capacity 86788K, committed 88088K, reserved 1126400K
  class space    used 10945K, capacity 11696K, committed 12056K, reserved 1048576K
}
Event: 45.231 GC heap before
{Heap before GC invocations=26 (full 4):
 PSYoungGen      total 271872K, used 208667K [0x00000000eab00000, 0x00000000ffe00000, 0x0000000100000000)
  eden space 203264K, 100% used [0x00000000eab00000,0x00000000f7180000,0x00000000f7180000)
  from space 68608K, 7% used [0x00000000f7180000,0x00000000f76c6ef0,0x00000000fb480000)
  to   space 66560K, 0% used [0x00000000fbd00000,0x00000000fbd00000,0x00000000ffe00000)
 ParOldGen       total 297984K, used 143801K [0x00000000c0000000, 0x00000000d2300000, 0x00000000eab00000)
  object space 297984K, 48% used [0x00000000c0000000,0x00000000c8c6e420,0x00000000d2300000)
 Metaspace       used 83258K, capacity 86808K, committed 88088K, reserved 1126400K
  class space    used 10953K, capacity 11702K, committed 12056K, reserved 1048576K
Event: 45.234 GC heap after
Heap after GC invocations=26 (full 4):
 PSYoungGen      total 278528K, used 969K [0x00000000eab00000, 0x00000000ffc00000, 0x0000000100000000)
  eden space 214016K, 0% used [0x00000000eab00000,0x00000000eab00000,0x00000000f7c00000)
  from space 64512K, 1% used [0x00000000fbd00000,0x00000000fbdf26c8,0x00000000ffc00000)
  to   space 65536K, 0% used [0x00000000f7c00000,0x00000000f7c00000,0x00000000fbc00000)
 ParOldGen       total 297984K, used 147676K [0x00000000c0000000, 0x00000000d2300000, 0x00000000eab00000)
  object space 297984K, 49% used [0x00000000c0000000,0x00000000c90370e0,0x00000000d2300000)
 Metaspace       used 83258K, capacity 86808K, committed 88088K, reserved 1126400K
  class space    used 10953K, capacity 11702K, committed 12056K, reserved 1048576K
}
Event: 45.311 GC heap before
{Heap before GC invocations=27 (full 4):
 PSYoungGen      total 278528K, used 214527K [0x00000000eab00000, 0x00000000ffc00000, 0x0000000100000000)
  eden space 214016K, 99% used [0x00000000eab00000,0x00000000f7b8d648,0x00000000f7c00000)
  from space 64512K, 1% used [0x00000000fbd00000,0x00000000fbdf26c8,0x00000000ffc00000)
  to   space 65536K, 0% used [0x00000000f7c00000,0x00000000f7c00000,0x00000000fbc00000)
 ParOldGen       total 297984K, used 147676K [0x00000000c0000000, 0x00000000d2300000, 0x00000000eab00000)
  object space 297984K, 49% used [0x00000000c0000000,0x00000000c90370e0,0x00000000d2300000)
 Metaspace       used 83265K, capacity 86814K, committed 88088K, reserved 1126400K
  class space    used 10954K, capacity 11703K, committed 12056K, reserved 1048576K
Event: 45.316 GC heap after
Heap after GC invocations=27 (full 4):
 PSYoungGen      total 279552K, used 7763K [0x00000000eab00000, 0x00000000ffc00000, 0x0000000100000000)
  eden space 214016K, 0% used [0x00000000eab00000,0x00000000eab00000,0x00000000f7c00000)
  from space 65536K, 11% used [0x00000000f7c00000,0x00000000f8394ed0,0x00000000fbc00000)
  to   space 62976K, 0% used [0x00000000fbe80000,0x00000000fbe80000,0x00000000ffc00000)
 ParOldGen       total 297984K, used 148212K [0x00000000c0000000, 0x00000000d2300000, 0x00000000eab00000)
  object space 297984K, 49% used [0x00000000c0000000,0x00000000c90bd158,0x00000000d2300000)
 Metaspace       used 83265K, capacity 86814K, committed 88088K, reserved 1126400K
  class space    used 10954K, capacity 11703K, committed 12056K, reserved 1048576K
}
Event: 45.354 GC heap before
{Heap before GC invocations=28 (full 4):
 PSYoungGen      total 279552K, used 221345K [0x00000000eab00000, 0x00000000ffc00000, 0x0000000100000000)
  eden space 214016K, 99% used [0x00000000eab00000,0x00000000f7b93538,0x00000000f7c00000)
  from space 65536K, 11% used [0x00000000f7c00000,0x00000000f8394ed0,0x00000000fbc00000)
  to   space 62976K, 0% used [0x00000000fbe80000,0x00000000fbe80000,0x00000000ffc00000)
 ParOldGen       total 297984K, used 148212K [0x00000000c0000000, 0x00000000d2300000, 0x00000000eab00000)
  object space 297984K, 49% used [0x00000000c0000000,0x00000000c90bd158,0x00000000d2300000)
 Metaspace       used 83265K, capacity 86814K, committed 88088K, reserved 1126400K
  class space    used 10954K, capacity 11703K, committed 12056K, reserved 1048576K
Event: 45.358 GC heap after
Heap after GC invocations=28 (full 4):
 PSYoungGen      total 282112K, used 128K [0x00000000eab00000, 0x00000000ffa80000, 0x0000000100000000)
  eden space 220672K, 0% used [0x00000000eab00000,0x00000000eab00000,0x00000000f8280000)
  from space 61440K, 0% used [0x00000000fbe80000,0x00000000fbea0000,0x00000000ffa80000)
  to   space 61440K, 0% used [0x00000000f8280000,0x00000000f8280000,0x00000000fbe80000)
 ParOldGen       total 297984K, used 155320K [0x00000000c0000000, 0x00000000d2300000, 0x00000000eab00000)
  object space 297984K, 52% used [0x00000000c0000000,0x00000000c97ae380,0x00000000d2300000)
 Metaspace       used 83265K, capacity 86814K, committed 88088K, reserved 1126400K
  class space    used 10954K, capacity 11703K, committed 12056K, reserved 1048576K
}
Event: 45.398 GC heap before
{Heap before GC invocations=29 (full 4):
 PSYoungGen      total 282112K, used 220799K [0x00000000eab00000, 0x00000000ffa80000, 0x0000000100000000)
  eden space 220672K, 99% used [0x00000000eab00000,0x00000000f827fe38,0x00000000f8280000)
  from space 61440K, 0% used [0x00000000fbe80000,0x00000000fbea0000,0x00000000ffa80000)
  to   space 61440K, 0% used [0x00000000f8280000,0x00000000f8280000,0x00000000fbe80000)
 ParOldGen       total 297984K, used 155320K [0x00000000c0000000, 0x00000000d2300000, 0x00000000eab00000)
  object space 297984K, 52% used [0x00000000c0000000,0x00000000c97ae380,0x00000000d2300000)
 Metaspace       used 83266K, capacity 86814K, committed 88088K, reserved 1126400K
  class space    used 10954K, capacity 11703K, committed 12056K, reserved 1048576K
Event: 45.400 GC heap after
Heap after GC invocations=29 (full 4):
 PSYoungGen      total 282112K, used 160K [0x00000000eab00000, 0x00000000ffc00000, 0x0000000100000000)
  eden space 220672K, 0% used [0x00000000eab00000,0x00000000eab00000,0x00000000f8280000)
  from space 61440K, 0% used [0x00000000f8280000,0x00000000f82a8000,0x00000000fbe80000)
  to   space 59392K, 0% used [0x00000000fc200000,0x00000000fc200000,0x00000000ffc00000)
 ParOldGen       total 297984K, used 155344K [0x00000000c0000000, 0x00000000d2300000, 0x00000000eab00000)
  object space 297984K, 52% used [0x00000000c0000000,0x00000000c97b4380,0x00000000d2300000)
 Metaspace       used 83266K, capacity 86814K, committed 88088K, reserved 1126400K
  class space    used 10954K, capacity 11703K, committed 12056K, reserved 1048576K
}

