# JRE version: Java(TM) SE Runtime Environment (8.0_201-b09) (build 1.8.0_201-b09)
# Java VM: Java HotSpot(TM) 64-Bit Server VM (25.201-b09 mixed mode windows-amd64 compressed oops)
Heap:
 PSYoungGen      total 256000K, used 100603K [0x00000000eab00000, 0x00000000fc900000, 0x0000000100000000)
  eden space 233472K, 35% used [0x00000000eab00000,0x00000000efbde838,0x00000000f8f00000)
  from space 22528K, 78% used [0x00000000f9d00000,0x00000000fae604e0,0x00000000fb300000)
  to   space 19456K, 0% used [0x00000000fb600000,0x00000000fb600000,0x00000000fc900000)
 ParOldGen       total 142336K, used 42627K [0x00000000c0000000, 0x00000000c8b00000, 0x00000000eab00000)
  object space 142336K, 29% used [0x00000000c0000000,0x00000000c29a0cb8,0x00000000c8b00000)
 Metaspace       used 64552K, capacity 67840K, committed 68016K, reserved 1107968K
  class space    used 8601K, capacity 9298K, committed 9392K, reserved 1048576K
GC Heap History (10 events):
Event: 13.206 GC heap before
{Heap before GC invocations=12 (full 2):
 PSYoungGen      total 154112K, used 154090K [0x00000000eab00000, 0x00000000f8400000, 0x0000000100000000)
  eden space 141824K, 100% used [0x00000000eab00000,0x00000000f3580000,0x00000000f3580000)
  from space 12288K, 99% used [0x00000000f3580000,0x00000000f417a920,0x00000000f4180000)
  to   space 14848K, 0% used [0x00000000f7580000,0x00000000f7580000,0x00000000f8400000)
 ParOldGen       total 86528K, used 18223K [0x00000000c0000000, 0x00000000c5480000, 0x00000000eab00000)
  object space 86528K, 21% used [0x00000000c0000000,0x00000000c11cbe30,0x00000000c5480000)
 Metaspace       used 53192K, capacity 55250K, committed 55344K, reserved 1097728K
  class space    used 7454K, capacity 7965K, committed 7984K, reserved 1048576K
Event: 13.243 GC heap after
Heap after GC invocations=12 (full 2):
 PSYoungGen      total 201216K, used 14817K [0x00000000eab00000, 0x00000000f8e80000, 0x0000000100000000)
  eden space 186368K, 0% used [0x00000000eab00000,0x00000000eab00000,0x00000000f6100000)
  from space 14848K, 99% used [0x00000000f7580000,0x00000000f83f86a8,0x00000000f8400000)
  to   space 20992K, 0% used [0x00000000f6100000,0x00000000f6100000,0x00000000f7580000)
 ParOldGen       total 86528K, used 29988K [0x00000000c0000000, 0x00000000c5480000, 0x00000000eab00000)
  object space 86528K, 34% used [0x00000000c0000000,0x00000000c1d490e8,0x00000000c5480000)
 Metaspace       used 53192K, capacity 55250K, committed 55344K, reserved 1097728K
  class space    used 7454K, capacity 7965K, committed 7984K, reserved 1048576K
}
Event: 14.484 GC heap before
{Heap before GC invocations=13 (full 2):
 PSYoungGen      total 201216K, used 65334K [0x00000000eab00000, 0x00000000f8e80000, 0x0000000100000000)
  eden space 186368K, 27% used [0x00000000eab00000,0x00000000edc551d8,0x00000000f6100000)
  from space 14848K, 99% used [0x00000000f7580000,0x00000000f83f86a8,0x00000000f8400000)
  to   space 20992K, 0% used [0x00000000f6100000,0x00000000f6100000,0x00000000f7580000)
 ParOldGen       total 86528K, used 29988K [0x00000000c0000000, 0x00000000c5480000, 0x00000000eab00000)
  object space 86528K, 34% used [0x00000000c0000000,0x00000000c1d490e8,0x00000000c5480000)
 Metaspace       used 56896K, capacity 58984K, committed 59160K, reserved 1099776K
  class space    used 7964K, capacity 8532K, committed 8624K, reserved 1048576K
Event: 14.517 GC heap after
Heap after GC invocations=13 (full 2):
 PSYoungGen      total 207360K, used 7464K [0x00000000eab00000, 0x00000000fca00000, 0x0000000100000000)
  eden space 186368K, 0% used [0x00000000eab00000,0x00000000eab00000,0x00000000f6100000)
  from space 20992K, 35% used [0x00000000f6100000,0x00000000f684a178,0x00000000f7580000)
  to   space 20480K, 0% used [0x00000000fb600000,0x00000000fb600000,0x00000000fca00000)
 ParOldGen       total 86528K, used 44650K [0x00000000c0000000, 0x00000000c5480000, 0x00000000eab00000)
  object space 86528K, 51% used [0x00000000c0000000,0x00000000c2b9a8a0,0x00000000c5480000)
 Metaspace       used 56896K, capacity 58984K, committed 59160K, reserved 1099776K
  class space    used 7964K, capacity 8532K, committed 8624K, reserved 1048576K
}
Event: 14.517 GC heap before
{Heap before GC invocations=14 (full 3):
 PSYoungGen      total 207360K, used 7464K [0x00000000eab00000, 0x00000000fca00000, 0x0000000100000000)
  eden space 186368K, 0% used [0x00000000eab00000,0x00000000eab00000,0x00000000f6100000)
  from space 20992K, 35% used [0x00000000f6100000,0x00000000f684a178,0x00000000f7580000)
  to   space 20480K, 0% used [0x00000000fb600000,0x00000000fb600000,0x00000000fca00000)
 ParOldGen       total 86528K, used 44650K [0x00000000c0000000, 0x00000000c5480000, 0x00000000eab00000)
  object space 86528K, 51% used [0x00000000c0000000,0x00000000c2b9a8a0,0x00000000c5480000)
 Metaspace       used 56896K, capacity 58984K, committed 59160K, reserved 1099776K
  class space    used 7964K, capacity 8532K, committed 8624K, reserved 1048576K
Event: 14.783 GC heap after
Heap after GC invocations=14 (full 3):
 PSYoungGen      total 207360K, used 0K [0x00000000eab00000, 0x00000000fca00000, 0x0000000100000000)
  eden space 186368K, 0% used [0x00000000eab00000,0x00000000eab00000,0x00000000f6100000)
  from space 20992K, 0% used [0x00000000f6100000,0x00000000f6100000,0x00000000f7580000)
  to   space 20480K, 0% used [0x00000000fb600000,0x00000000fb600000,0x00000000fca00000)
 ParOldGen       total 142336K, used 42611K [0x00000000c0000000, 0x00000000c8b00000, 0x00000000eab00000)
  object space 142336K, 29% used [0x00000000c0000000,0x00000000c299ccb8,0x00000000c8b00000)
 Metaspace       used 56896K, capacity 58984K, committed 59160K, reserved 1099776K
  class space    used 7964K, capacity 8532K, committed 8624K, reserved 1048576K
}
Event: 62.226 GC heap before
{Heap before GC invocations=15 (full 3):
 PSYoungGen      total 207360K, used 186368K [0x00000000eab00000, 0x00000000fca00000, 0x0000000100000000)
  eden space 186368K, 100% used [0x00000000eab00000,0x00000000f6100000,0x00000000f6100000)
  from space 20992K, 0% used [0x00000000f6100000,0x00000000f6100000,0x00000000f7580000)
  to   space 20480K, 0% used [0x00000000fb600000,0x00000000fb600000,0x00000000fca00000)
 ParOldGen       total 142336K, used 42611K [0x00000000c0000000, 0x00000000c8b00000, 0x00000000eab00000)
  object space 142336K, 29% used [0x00000000c0000000,0x00000000c299ccb8,0x00000000c8b00000)
 Metaspace       used 62668K, capacity 65120K, committed 65456K, reserved 1105920K
  class space    used 8457K, capacity 9054K, committed 9136K, reserved 1048576K
Event: 62.275 GC heap after
Heap after GC invocations=15 (full 3):
 PSYoungGen      total 252928K, used 19211K [0x00000000eab00000, 0x00000000fc900000, 0x0000000100000000)
  eden space 233472K, 0% used [0x00000000eab00000,0x00000000eab00000,0x00000000f8f00000)
  from space 19456K, 98% used [0x00000000fb600000,0x00000000fc8c2dc0,0x00000000fc900000)
  to   space 22528K, 0% used [0x00000000f9d00000,0x00000000f9d00000,0x00000000fb300000)
 ParOldGen       total 142336K, used 42619K [0x00000000c0000000, 0x00000000c8b00000, 0x00000000eab00000)
  object space 142336K, 29% used [0x00000000c0000000,0x00000000c299ecb8,0x00000000c8b00000)
 Metaspace       used 62668K, capacity 65120K, committed 65456K, reserved 1105920K
  class space    used 8457K, capacity 9054K, committed 9136K, reserved 1048576K
}
Event: 2648.211 GC heap before
{Heap before GC invocations=16 (full 3):
 PSYoungGen      total 252928K, used 252683K [0x00000000eab00000, 0x00000000fc900000, 0x0000000100000000)
  eden space 233472K, 100% used [0x00000000eab00000,0x00000000f8f00000,0x00000000f8f00000)
  from space 19456K, 98% used [0x00000000fb600000,0x00000000fc8c2dc0,0x00000000fc900000)
  to   space 22528K, 0% used [0x00000000f9d00000,0x00000000f9d00000,0x00000000fb300000)
 ParOldGen       total 142336K, used 42619K [0x00000000c0000000, 0x00000000c8b00000, 0x00000000eab00000)
  object space 142336K, 29% used [0x00000000c0000000,0x00000000c299ecb8,0x00000000c8b00000)
 Metaspace       used 64337K, capacity 67690K, committed 68016K, reserved 1107968K
  class space    used 8598K, capacity 9295K, committed 9392K, reserved 1048576K
Event: 2648.258 GC heap after
Heap after GC invocations=16 (full 3):
 PSYoungGen      total 256000K, used 17793K [0x00000000eab00000, 0x00000000fc900000, 0x0000000100000000)
  eden space 233472K, 0% used [0x00000000eab00000,0x00000000eab00000,0x00000000f8f00000)
  from space 22528K, 78% used [0x00000000f9d00000,0x00000000fae604e0,0x00000000fb300000)
  to   space 19456K, 0% used [0x00000000fb600000,0x00000000fb600000,0x00000000fc900000)
 ParOldGen       total 142336K, used 42627K [0x00000000c0000000, 0x00000000c8b00000, 0x00000000eab00000)
  object space 142336K, 29% used [0x00000000c0000000,0x00000000c29a0cb8,0x00000000c8b00000)
 Metaspace       used 64337K, capacity 67690K, committed 68016K, reserved 1107968K
  class space    used 8598K, capacity 9295K, committed 9392K, reserved 1048576K
}

